promet/manifest-merger-release-report.txt
-- Merging decision tree log ---
manifest
ADDED from AndroidManifest.xml:2:1
	package
		ADDED from AndroidManifest.xml:4:11
	android:versionName
		INJECTED from AndroidManifest.xml:0:0
		INJECTED from AndroidManifest.xml:0:0
	xmlns:tools
		ADDED from AndroidManifest.xml:3:11
	xmlns:android
		ADDED from AndroidManifest.xml:2:11
	android:versionCode
		INJECTED from AndroidManifest.xml:0:0
		INJECTED from AndroidManifest.xml:0:0
uses-permission#android.permission.INTERNET
ADDED from AndroidManifest.xml:6:5
	android:name
		ADDED from AndroidManifest.xml:6:22
uses-permission#android.permission.ACCESS_NETWORK_STATE
ADDED from AndroidManifest.xml:7:5
	android:name
		ADDED from AndroidManifest.xml:7:22
uses-permission#android.permission.WRITE_EXTERNAL_STORAGE
ADDED from AndroidManifest.xml:8:5
	android:name
		ADDED from AndroidManifest.xml:8:22
uses-permission#android.permission.ACCESS_FINE_LOCATION
ADDED from AndroidManifest.xml:9:5
	android:name
		ADDED from AndroidManifest.xml:9:22
uses-permission#android.permission.ACCESS_COARSE_LOCATION
ADDED from AndroidManifest.xml:10:5
	android:name
		ADDED from AndroidManifest.xml:10:22
uses-feature#0x00020000
ADDED from AndroidManifest.xml:12:5
	android:glEsVersion
		ADDED from AndroidManifest.xml:12:19
	android:required
		ADDED from AndroidManifest.xml:12:52
application
ADDED from AndroidManifest.xml:14:5
MERGED from com.google.android.gms:play-services-maps:6.5.87:19:5
MERGED from com.google.android.gms:play-services-base:6.5.87:20:5
MERGED from com.android.support:support-v4:21.0.3:16:5
MERGED from com.android.support:support-v4:21.0.3:16:5
MERGED from com.astuetz:pagerslidingtabstrip:1.0.1:4:5
MERGED from com.android.support:support-v4:21.0.3:16:5
MERGED from com.android.support:appcompat-v7:21.0.3:16:5
MERGED from com.android.support:support-v4:21.0.3:16:5
MERGED from com.android.support:cardview-v7:21.0.3:16:5
	android:label
		ADDED from AndroidManifest.xml:17:9
	android:allowBackup
		ADDED from AndroidManifest.xml:15:9
	android:icon
		ADDED from AndroidManifest.xml:16:9
	android:theme
		ADDED from AndroidManifest.xml:18:9
	android:name
		ADDED from AndroidManifest.xml:19:9
activity#si.virag.promet.MainActivity
ADDED from AndroidManifest.xml:23:9
	android:label
		ADDED from AndroidManifest.xml:26:13
	android:logo
		ADDED from AndroidManifest.xml:25:13
	android:name
		ADDED from AndroidManifest.xml:24:13
intent-filter#android.intent.action.MAIN+android.intent.category.LAUNCHER
ADDED from AndroidManifest.xml:28:13
action#android.intent.action.MAIN
ADDED from AndroidManifest.xml:29:17
	android:name
		ADDED from AndroidManifest.xml:29:25
category#android.intent.category.LAUNCHER
ADDED from AndroidManifest.xml:30:17
	android:name
		ADDED from AndroidManifest.xml:30:27
activity#si.virag.promet.preferences.PrometPreferences
ADDED from AndroidManifest.xml:34:9
	android:label
		ADDED from AndroidManifest.xml:36:19
	android:logo
		ADDED from AndroidManifest.xml:35:19
	android:name
		ADDED from AndroidManifest.xml:34:19
meta-data#com.google.android.gms.version
ADDED from AndroidManifest.xml:39:9
MERGED from com.google.android.gms:play-services-base:6.5.87:21:9
	android:value
		ADDED from AndroidManifest.xml:39:66
	android:name
		ADDED from AndroidManifest.xml:39:20
meta-data#com.google.android.maps.v2.API_KEY
ADDED from AndroidManifest.xml:40:9
	android:value
		ADDED from AndroidManifest.xml:40:70
	android:name
		ADDED from AndroidManifest.xml:40:20
meta-data#com.crashlytics.ApiKey
ADDED from AndroidManifest.xml:41:9
	android:value
		ADDED from AndroidManifest.xml:41:58
	android:name
		ADDED from AndroidManifest.xml:41:20
uses-sdk
INJECTED from AndroidManifest.xml:0:0 reason: use-sdk injection requested
MERGED from com.google.android.gms:play-services-maps:6.5.87:18:5
MERGED from com.google.android.gms:play-services-base:6.5.87:18:5
MERGED from com.android.support:support-v4:21.0.3:15:5
MERGED from com.android.support:support-v4:21.0.3:15:5
MERGED from com.astuetz:pagerslidingtabstrip:1.0.1:2:5
MERGED from com.android.support:support-v4:21.0.3:15:5
MERGED from com.android.support:appcompat-v7:21.0.3:15:5
MERGED from com.android.support:support-v4:21.0.3:15:5
MERGED from com.android.support:cardview-v7:21.0.3:15:5
MERGED from se.emilsjolander:stickylistheaders:2.5.0:7:5
MERGED from Promet:fuzzydatetimeformatter:unspecified:7:5
MERGED from de.keyboardsurfer.android.widget:crouton:1.8.5:22:5
	android:targetSdkVersion
		INJECTED from AndroidManifest.xml:0:0
		INJECTED from AndroidManifest.xml:0:0
	android:minSdkVersion
		INJECTED from AndroidManifest.xml:0:0
		INJECTED from AndroidManifest.xml:0:0